This file contains any messages produced by compilers while
running configure, to aid debugging if configure makes a mistake.

It was created by hello configure 1.0, which was
generated by GNU Autoconf 2.69.  Invocation command line was

  $ ./configure 

## --------- ##
## Platform. ##
## --------- ##

hostname = afxdp
uname -m = x86_64
uname -r = 5.4.0-0.bpo.4-amd64
uname -s = Linux
uname -v = #1 SMP Debian 5.4.19-1~bpo10+1 (2020-03-09)

/usr/bin/uname -p = unknown
/bin/uname -X     = unknown

/bin/arch              = x86_64
/usr/bin/arch -k       = unknown
/usr/convex/getsysinfo = unknown
/usr/bin/hostinfo      = unknown
/bin/machine           = unknown
/usr/bin/oslevel       = unknown
/bin/universe          = unknown

PATH: /home/afxdp/.vscode-server/bin/2aae1f26c72891c399f860409176fe435a154b13/bin
PATH: /usr/local/bin
PATH: /usr/bin
PATH: /bin
PATH: /usr/local/games
PATH: /usr/games


## ----------- ##
## Core tests. ##
## ----------- ##

configure:2182: checking for a BSD-compatible install
configure:2250: result: /usr/bin/install -c
configure:2261: checking whether build environment is sane
configure:2316: result: yes
configure:2465: checking for a thread-safe mkdir -p
configure:2504: result: /usr/bin/mkdir -p
configure:2511: checking for gawk
configure:2541: result: no
configure:2511: checking for mawk
configure:2527: found /usr/bin/mawk
configure:2538: result: mawk
configure:2549: checking whether make sets $(MAKE)
configure:2571: result: yes
configure:2600: checking whether make supports nested variables
configure:2617: result: yes
configure:2748: checking whether make supports the include directive
configure:2763: make -f confmf.GNU && cat confinc.out
this is the am__doit target
configure:2766: $? = 0
configure:2785: result: yes (GNU style)
configure:2855: checking for gcc
configure:2871: found /usr/bin/gcc
configure:2882: result: gcc
configure:3111: checking for C compiler version
configure:3120: gcc --version >&5
gcc (Debian 8.3.0-6) 8.3.0
Copyright (C) 2018 Free Software Foundation, Inc.
This is free software; see the source for copying conditions.  There is NO
warranty; not even for MERCHANTABILITY or FITNESS FOR A PARTICULAR PURPOSE.

configure:3131: $? = 0
configure:3120: gcc -v >&5
Using built-in specs.
COLLECT_GCC=gcc
COLLECT_LTO_WRAPPER=/usr/lib/gcc/x86_64-linux-gnu/8/lto-wrapper
OFFLOAD_TARGET_NAMES=nvptx-none
OFFLOAD_TARGET_DEFAULT=1
Target: x86_64-linux-gnu
Configured with: ../src/configure -v --with-pkgversion='Debian 8.3.0-6' --with-bugurl=file:///usr/share/doc/gcc-8/README.Bugs --enable-languages=c,ada,c++,go,brig,d,fortran,objc,obj-c++ --prefix=/usr --with-gcc-major-version-only --program-suffix=-8 --program-prefix=x86_64-linux-gnu- --enable-shared --enable-linker-build-id --libexecdir=/usr/lib --without-included-gettext --enable-threads=posix --libdir=/usr/lib --enable-nls --enable-bootstrap --enable-clocale=gnu --enable-libstdcxx-debug --enable-libstdcxx-time=yes --with-default-libstdcxx-abi=new --enable-gnu-unique-object --disable-vtable-verify --enable-libmpx --enable-plugin --enable-default-pie --with-system-zlib --with-target-system-zlib --enable-objc-gc=auto --enable-multiarch --disable-werror --with-arch-32=i686 --with-abi=m64 --with-multilib-list=m32,m64,mx32 --enable-multilib --with-tune=generic --enable-offload-targets=nvptx-none --without-cuda-driver --enable-checking=release --build=x86_64-linux-gnu --host=x86_64-linux-gnu --target=x86_64-linux-gnu
Thread model: posix
gcc version 8.3.0 (Debian 8.3.0-6) 
configure:3131: $? = 0
configure:3120: gcc -V >&5
gcc: error: unrecognized command line option '-V'
gcc: fatal error: no input files
compilation terminated.
configure:3131: $? = 1
configure:3120: gcc -qversion >&5
gcc: error: unrecognized command line option '-qversion'; did you mean '--version'?
gcc: fatal error: no input files
compilation terminated.
configure:3131: $? = 1
configure:3151: checking whether the C compiler works
configure:3173: gcc    conftest.c  >&5
configure:3177: $? = 0
configure:3225: result: yes
configure:3228: checking for C compiler default output file name
configure:3230: result: a.out
configure:3236: checking for suffix of executables
configure:3243: gcc -o conftest    conftest.c  >&5
configure:3247: $? = 0
configure:3269: result: 
configure:3291: checking whether we are cross compiling
configure:3299: gcc -o conftest    conftest.c  >&5
configure:3303: $? = 0
configure:3310: ./conftest
configure:3314: $? = 0
configure:3302: result: no
configure:3307: checking for suffix of object files
configure:3329: gcc -c   conftest.c >&5
configure:3333: $? = 0
configure:3354: result: o
configure:3358: checking whether we are using the GNU C compiler
configure:3377: gcc -c   conftest.c >&5
configure:3377: $? = 0
configure:3386: result: yes
configure:3395: checking whether gcc accepts -g
configure:3415: gcc -c -g  conftest.c >&5
configure:3415: $? = 0
configure:3456: result: yes
configure:3473: checking for gcc option to accept ISO C89
configure:3536: gcc  -c -g -O2  conftest.c >&5
configure:3536: $? = 0
configure:3549: result: none needed
configure:3574: checking whether gcc understands -c and -o together
configure:3596: gcc -c conftest.c -o conftest2.o
configure:3599: $? = 0
configure:3596: gcc -c conftest.c -o conftest2.o
configure:3599: $? = 0
configure:3611: result: yes
configure:3630: checking dependency style of gcc
configure:3741: result: gcc3
configure:3806: checking for ar
configure:3822: found /usr/bin/ar
configure:3833: result: ar
configure:3859: checking the archiver (ar) interface
configure:3875: gcc -c -g -O2  conftest.c >&5
configure:3875: $? = 0
configure:3877: ar cru libconftest.a conftest.o >&5
ar: `u' modifier ignored since `D' is the default (see `U')
configure:3880: $? = 0
configure:3879: result: ar
configure:3929: checking build system type
configure:3943: result: x86_64-pc-linux-gnu
configure:3963: checking host system type
configure:3976: result: x86_64-pc-linux-gnu
configure:4017: checking how to print strings
configure:4044: result: printf
configure:4065: checking for a sed that does not truncate output
configure:4129: result: /usr/bin/sed
configure:4147: checking for grep that handles long lines and -e
configure:4205: result: /usr/bin/grep
configure:4210: checking for egrep
configure:4272: result: /usr/bin/grep -E
configure:4277: checking for fgrep
configure:4339: result: /usr/bin/grep -F
configure:4374: checking for ld used by gcc
configure:4441: result: /usr/bin/ld
configure:4448: checking if the linker (/usr/bin/ld) is GNU ld
configure:4463: result: yes
configure:4475: checking for BSD- or MS-compatible name lister (nm)
configure:4529: result: /usr/bin/nm -B
configure:4659: checking the name lister (/usr/bin/nm -B) interface
configure:4666: gcc -c -g -O2  conftest.c >&5
configure:4669: /usr/bin/nm -B "conftest.o"
configure:4672: output
0000000000000000 B some_variable
configure:4673: result: BSD nm
configure:4676: checking whether ln -s works
configure:4680: result: yes
configure:4688: checking the maximum length of command line arguments
configure:4819: result: 1572864
configure:4867: checking how to convert x86_64-pc-linux-gnu file names to x86_64-pc-linux-gnu format
configure:4907: result: func_convert_file_noop
configure:4914: checking how to convert x86_64-pc-linux-gnu file names to toolchain format
configure:4934: result: func_convert_file_noop
configure:4941: checking for /usr/bin/ld option to reload object files
configure:4948: result: -r
configure:5022: checking for objdump
configure:5038: found /usr/bin/objdump
configure:5049: result: objdump
configure:5081: checking how to recognize dependent libraries
configure:5281: result: pass_all
configure:5366: checking for dlltool
configure:5396: result: no
configure:5426: checking how to associate runtime and link libraries
configure:5453: result: printf %s\n
configure:5577: checking for archiver @FILE support
configure:5594: gcc -c -g -O2  conftest.c >&5
configure:5594: $? = 0
configure:5597: ar cru libconftest.a @conftest.lst >&5
ar: `u' modifier ignored since `D' is the default (see `U')
configure:5600: $? = 0
configure:5605: ar cru libconftest.a @conftest.lst >&5
ar: `u' modifier ignored since `D' is the default (see `U')
ar: conftest.o: No such file or directory
configure:5608: $? = 1
configure:5607: result: @
configure:5665: checking for strip
configure:5681: found /usr/bin/strip
configure:5692: result: strip
configure:5764: checking for ranlib
configure:5780: found /usr/bin/ranlib
configure:5791: result: ranlib
configure:5893: checking command to parse /usr/bin/nm -B output from gcc object
configure:6046: gcc -c -g -O2  conftest.c >&5
configure:6049: $? = 0
configure:6053: /usr/bin/nm -B conftest.o | sed -n -e 's/^.*[	 ]\([ABCDGIRSTW][ABCDGIRSTW]*\)[	 ][	 ]*\([_A-Za-z][_A-Za-z0-9]*\)$/\1 \2 \2/p' | sed '/ __gnu_lto/d' > conftest.nm
configure:6119: gcc -o conftest -g -O2   conftest.c conftstm.o >&5
configure:6122: $? = 0
configure:6160: result: ok
configure:6207: checking for sysroot
configure:6237: result: no
configure:6244: checking for a working dd
configure:6282: result: /usr/bin/dd
configure:6286: checking how to truncate binary pipes
configure:6301: result: /usr/bin/dd bs=4096 count=1
configure:6437: gcc -c -g -O2  conftest.c >&5
configure:6440: $? = 0
configure:6630: checking for mt
configure:6646: found /usr/bin/mt
configure:6657: result: mt
configure:6680: checking if mt is a manifest tool
configure:6686: mt '-?'
configure:6694: result: no
configure:7371: checking how to run the C preprocessor
configure:7402: gcc -E  conftest.c
configure:7402: $? = 0
configure:7416: gcc -E  conftest.c
conftest.c:11:10: fatal error: ac_nonexistent.h: No such file or directory
 #include <ac_nonexistent.h>
          ^~~~~~~~~~~~~~~~~~
compilation terminated.
configure:7416: $? = 1
configure: failed program was:
| /* confdefs.h */
| #define PACKAGE_NAME "hello"
| #define PACKAGE_TARNAME "hello"
| #define PACKAGE_VERSION "1.0"
| #define PACKAGE_STRING "hello 1.0"
| #define PACKAGE_BUGREPORT ""
| #define PACKAGE_URL ""
| #define PACKAGE "hello"
| #define VERSION "1.0"
| /* end confdefs.h.  */
| #include <ac_nonexistent.h>
configure:7441: result: gcc -E
configure:7461: gcc -E  conftest.c
configure:7461: $? = 0
configure:7475: gcc -E  conftest.c
conftest.c:11:10: fatal error: ac_nonexistent.h: No such file or directory
 #include <ac_nonexistent.h>
          ^~~~~~~~~~~~~~~~~~
compilation terminated.
configure:7475: $? = 1
configure: failed program was:
| /* confdefs.h */
| #define PACKAGE_NAME "hello"
| #define PACKAGE_TARNAME "hello"
| #define PACKAGE_VERSION "1.0"
| #define PACKAGE_STRING "hello 1.0"
| #define PACKAGE_BUGREPORT ""
| #define PACKAGE_URL ""
| #define PACKAGE "hello"
| #define VERSION "1.0"
| /* end confdefs.h.  */
| #include <ac_nonexistent.h>
configure:7504: checking for ANSI C header files
configure:7524: gcc -c -g -O2  conftest.c >&5
configure:7524: $? = 0
configure:7597: gcc -o conftest -g -O2   conftest.c  >&5
configure:7597: $? = 0
configure:7597: ./conftest
configure:7597: $? = 0
configure:7608: result: yes
configure:7621: checking for sys/types.h
configure:7621: gcc -c -g -O2  conftest.c >&5
configure:7621: $? = 0
configure:7621: result: yes
configure:7621: checking for sys/stat.h
configure:7621: gcc -c -g -O2  conftest.c >&5
configure:7621: $? = 0
configure:7621: result: yes
configure:7621: checking for stdlib.h
configure:7621: gcc -c -g -O2  conftest.c >&5
configure:7621: $? = 0
configure:7621: result: yes
configure:7621: checking for string.h
configure:7621: gcc -c -g -O2  conftest.c >&5
configure:7621: $? = 0
configure:7621: result: yes
configure:7621: checking for memory.h
configure:7621: gcc -c -g -O2  conftest.c >&5
configure:7621: $? = 0
configure:7621: result: yes
configure:7621: checking for strings.h
configure:7621: gcc -c -g -O2  conftest.c >&5
configure:7621: $? = 0
configure:7621: result: yes
configure:7621: checking for inttypes.h
configure:7621: gcc -c -g -O2  conftest.c >&5
configure:7621: $? = 0
configure:7621: result: yes
configure:7621: checking for stdint.h
configure:7621: gcc -c -g -O2  conftest.c >&5
configure:7621: $? = 0
configure:7621: result: yes
configure:7621: checking for unistd.h
configure:7621: gcc -c -g -O2  conftest.c >&5
configure:7621: $? = 0
configure:7621: result: yes
configure:7635: checking for dlfcn.h
configure:7635: gcc -c -g -O2  conftest.c >&5
configure:7635: $? = 0
configure:7635: result: yes
configure:7890: checking for objdir
configure:7905: result: .libs
configure:8165: checking if gcc supports -fno-rtti -fno-exceptions
configure:8183: gcc -c -g -O2  -fno-rtti -fno-exceptions conftest.c >&5
cc1: warning: command line option '-fno-rtti' is valid for C++/ObjC++ but not for C
configure:8187: $? = 0
configure:8200: result: no
configure:8558: checking for gcc option to produce PIC
configure:8565: result: -fPIC -DPIC
configure:8573: checking if gcc PIC flag -fPIC -DPIC works
configure:8591: gcc -c -g -O2  -fPIC -DPIC -DPIC conftest.c >&5
configure:8595: $? = 0
configure:8608: result: yes
configure:8637: checking if gcc static flag -static works
configure:8665: result: yes
configure:8680: checking if gcc supports -c -o file.o
configure:8701: gcc -c -g -O2  -o out/conftest2.o conftest.c >&5
configure:8705: $? = 0
configure:8727: result: yes
configure:8735: checking if gcc supports -c -o file.o
configure:8782: result: yes
configure:8815: checking whether the gcc linker (/usr/bin/ld -m elf_x86_64) supports shared libraries
configure:10078: result: yes
configure:10318: checking dynamic linker characteristics
configure:10899: gcc -o conftest -g -O2   -Wl,-rpath -Wl,/foo conftest.c  >&5
configure:10899: $? = 0
configure:11148: result: GNU/Linux ld.so
configure:11270: checking how to hardcode library paths into programs
configure:11295: result: immediate
configure:11843: checking whether stripping libraries is possible
configure:11848: result: yes
configure:11883: checking if libtool supports shared libraries
configure:11885: result: yes
configure:11888: checking whether to build shared libraries
configure:11913: result: no
configure:11916: checking whether to build static libraries
configure:11920: result: yes
configure:8783: checking for gcc
configure:8810: result: gcc
configure:9039: checking for C compiler version
configure:9048: gcc --version >&5
gcc (Debian 8.3.0-6) 8.3.0
Copyright (C) 2018 Free Software Foundation, Inc.
This is free software; see the source for copying conditions.  There is NO
warranty; not even for MERCHANTABILITY or FITNESS FOR A PARTICULAR PURPOSE.

configure:9059: $? = 0
configure:9048: gcc -v >&5
Using built-in specs.
COLLECT_GCC=gcc
COLLECT_LTO_WRAPPER=/usr/lib/gcc/x86_64-linux-gnu/8/lto-wrapper
OFFLOAD_TARGET_NAMES=nvptx-none
OFFLOAD_TARGET_DEFAULT=1
Target: x86_64-linux-gnu
Configured with: ../src/configure -v --with-pkgversion='Debian 8.3.0-6' --with-bugurl=file:///usr/share/doc/gcc-8/README.Bugs --enable-languages=c,ada,c++,go,brig,d,fortran,objc,obj-c++ --prefix=/usr --with-gcc-major-version-only --program-suffix=-8 --program-prefix=x86_64-linux-gnu- --enable-shared --enable-linker-build-id --libexecdir=/usr/lib --without-included-gettext --enable-threads=posix --libdir=/usr/lib --enable-nls --enable-bootstrap --enable-clocale=gnu --enable-libstdcxx-debug --enable-libstdcxx-time=yes --with-default-libstdcxx-abi=new --enable-gnu-unique-object --disable-vtable-verify --enable-libmpx --enable-plugin --enable-default-pie --with-system-zlib --with-target-system-zlib --enable-objc-gc=auto --enable-multiarch --disable-werror --with-arch-32=i686 --with-abi=m64 --with-multilib-list=m32,m64,mx32 --enable-multilib --with-tune=generic --enable-offload-targets=nvptx-none --without-cuda-driver --enable-checking=release --build=x86_64-linux-gnu --host=x86_64-linux-gnu --target=x86_64-linux-gnu
Thread model: posix
gcc version 8.3.0 (Debian 8.3.0-6) 
configure:9059: $? = 0
configure:9048: gcc -V >&5
gcc: error: unrecognized command line option '-V'
gcc: fatal error: no input files
compilation terminated.
configure:9059: $? = 1
configure:9048: gcc -qversion >&5
gcc: error: unrecognized command line option '-qversion'; did you mean '--version'?
gcc: fatal error: no input files
compilation terminated.
configure:9059: $? = 1
configure:9063: checking whether we are using the GNU C compiler
configure:9091: result: yes
configure:9100: checking whether gcc accepts -g
configure:9161: result: yes
configure:9178: checking for gcc option to accept ISO C89
configure:9254: result: none needed
configure:9279: checking whether gcc understands -c and -o together
configure:9316: result: yes
configure:9335: checking dependency style of gcc
configure:9446: result: gcc3
configure:9606: checking that generated files are newer than configure
configure:9612: result: done
configure:9639: creating ./config.status

## ---------------------- ##
## Running config.status. ##
## ---------------------- ##

This file was extended by hello config.status 1.0, which was
generated by GNU Autoconf 2.69.  Invocation command line was

  CONFIG_FILES    = 
  CONFIG_HEADERS  = 
  CONFIG_LINKS    = 
  CONFIG_COMMANDS = 
  $ ./config.status 

on afxdp

config.status:1002: creating Makefile
config.status:1174: executing depfiles commands
config.status:1251: cd .       && sed -e '/# am--include-marker/d' Makefile         | make -f - am--depfiles
config.status:1256: $? = 0
config.status:1174: executing libtool commands

## ---------------- ##
## Cache variables. ##
## ---------------- ##

ac_cv_build=x86_64-pc-linux-gnu
ac_cv_c_compiler_gnu=yes
ac_cv_env_CC_set=
ac_cv_env_CC_value=
ac_cv_env_CFLAGS_set=
ac_cv_env_CFLAGS_value=
ac_cv_env_CPPFLAGS_set=
ac_cv_env_CPPFLAGS_value=
ac_cv_env_CPP_set=
ac_cv_env_CPP_value=
ac_cv_env_LDFLAGS_set=
ac_cv_env_LDFLAGS_value=
ac_cv_env_LIBS_set=
ac_cv_env_LIBS_value=
ac_cv_env_LT_SYS_LIBRARY_PATH_set=
ac_cv_env_LT_SYS_LIBRARY_PATH_value=
ac_cv_env_build_alias_set=
ac_cv_env_build_alias_value=
ac_cv_env_host_alias_set=
ac_cv_env_host_alias_value=
ac_cv_env_target_alias_set=
ac_cv_env_target_alias_value=
ac_cv_header_dlfcn_h=yes
ac_cv_header_inttypes_h=yes
ac_cv_header_memory_h=yes
ac_cv_header_stdc=yes
ac_cv_header_stdint_h=yes
ac_cv_header_stdlib_h=yes
ac_cv_header_string_h=yes
ac_cv_header_strings_h=yes
ac_cv_header_sys_stat_h=yes
ac_cv_header_sys_types_h=yes
ac_cv_header_unistd_h=yes
ac_cv_host=x86_64-pc-linux-gnu
ac_cv_objext=o
ac_cv_path_EGREP='/usr/bin/grep -E'
ac_cv_path_FGREP='/usr/bin/grep -F'
ac_cv_path_GREP=/usr/bin/grep
ac_cv_path_SED=/usr/bin/sed
ac_cv_path_install='/usr/bin/install -c'
ac_cv_path_lt_DD=/usr/bin/dd
ac_cv_path_mkdir=/usr/bin/mkdir
ac_cv_prog_AWK=mawk
ac_cv_prog_CPP='gcc -E'
ac_cv_prog_ac_ct_AR=ar
ac_cv_prog_ac_ct_CC=gcc
ac_cv_prog_ac_ct_MANIFEST_TOOL=mt
ac_cv_prog_ac_ct_OBJDUMP=objdump
ac_cv_prog_ac_ct_RANLIB=ranlib
ac_cv_prog_ac_ct_STRIP=strip
ac_cv_prog_cc_c89=
ac_cv_prog_cc_g=yes
ac_cv_prog_make_make_set=yes
am_cv_CC_dependencies_compiler_type=gcc3
am_cv_ar_interface=ar
am_cv_make_support_nested_variables=yes
am_cv_prog_cc_c_o=yes
lt_cv_ar_at_file=@
lt_cv_deplibs_check_method=pass_all
lt_cv_file_magic_cmd='$MAGIC_CMD'
lt_cv_file_magic_test_file=
lt_cv_ld_reload_flag=-r
lt_cv_nm_interface='BSD nm'
lt_cv_objdir=.libs
lt_cv_path_LD=/usr/bin/ld
lt_cv_path_NM='/usr/bin/nm -B'
lt_cv_path_mainfest_tool=no
lt_cv_prog_compiler_c_o=yes
lt_cv_prog_compiler_pic='-fPIC -DPIC'
lt_cv_prog_compiler_pic_works=yes
lt_cv_prog_compiler_rtti_exceptions=no
lt_cv_prog_compiler_static_works=yes
lt_cv_prog_gnu_ld=yes
lt_cv_sharedlib_from_linklib_cmd='printf %s\n'
lt_cv_shlibpath_overrides_runpath=yes
lt_cv_sys_global_symbol_pipe='sed -n -e '\''s/^.*[	 ]\([ABCDGIRSTW][ABCDGIRSTW]*\)[	 ][	 ]*\([_A-Za-z][_A-Za-z0-9]*\)$/\1 \2 \2/p'\'' | sed '\''/ __gnu_lto/d'\'''
lt_cv_sys_global_symbol_to_c_name_address='sed -n -e '\''s/^: \(.*\) .*$/  {"\1", (void *) 0},/p'\'' -e '\''s/^[ABCDGIRSTW][ABCDGIRSTW]* .* \(.*\)$/  {"\1", (void *) \&\1},/p'\'''
lt_cv_sys_global_symbol_to_c_name_address_lib_prefix='sed -n -e '\''s/^: \(.*\) .*$/  {"\1", (void *) 0},/p'\'' -e '\''s/^[ABCDGIRSTW][ABCDGIRSTW]* .* \(lib.*\)$/  {"\1", (void *) \&\1},/p'\'' -e '\''s/^[ABCDGIRSTW][ABCDGIRSTW]* .* \(.*\)$/  {"lib\1", (void *) \&\1},/p'\'''
lt_cv_sys_global_symbol_to_cdecl='sed -n -e '\''s/^T .* \(.*\)$/extern int \1();/p'\'' -e '\''s/^[ABCDGIRSTW][ABCDGIRSTW]* .* \(.*\)$/extern char \1;/p'\'''
lt_cv_sys_global_symbol_to_import=
lt_cv_sys_max_cmd_len=1572864
lt_cv_to_host_file_cmd=func_convert_file_noop
lt_cv_to_tool_file_cmd=func_convert_file_noop
lt_cv_truncate_bin='/usr/bin/dd bs=4096 count=1'

## ----------------- ##
## Output variables. ##
## ----------------- ##

ACLOCAL='${SHELL} /home/afxdp/ovs-xdp/temp/build-aux/missing aclocal-1.16'
AMDEPBACKSLASH='\'
AMDEP_FALSE='#'
AMDEP_TRUE=''
AMTAR='$${TAR-tar}'
AM_BACKSLASH='\'
AM_DEFAULT_V='$(AM_DEFAULT_VERBOSITY)'
AM_DEFAULT_VERBOSITY='1'
AM_V='$(V)'
AR='ar'
AUTOCONF='${SHELL} /home/afxdp/ovs-xdp/temp/build-aux/missing autoconf'
AUTOHEADER='${SHELL} /home/afxdp/ovs-xdp/temp/build-aux/missing autoheader'
AUTOMAKE='${SHELL} /home/afxdp/ovs-xdp/temp/build-aux/missing automake-1.16'
AWK='mawk'
CC='gcc'
CCDEPMODE='depmode=gcc3'
CFLAGS='-g -O2'
CPP='gcc -E'
CPPFLAGS=''
CYGPATH_W='echo'
DEFS='-DPACKAGE_NAME=\"hello\" -DPACKAGE_TARNAME=\"hello\" -DPACKAGE_VERSION=\"1.0\" -DPACKAGE_STRING=\"hello\ 1.0\" -DPACKAGE_BUGREPORT=\"\" -DPACKAGE_URL=\"\" -DPACKAGE=\"hello\" -DVERSION=\"1.0\" -DSTDC_HEADERS=1 -DHAVE_SYS_TYPES_H=1 -DHAVE_SYS_STAT_H=1 -DHAVE_STDLIB_H=1 -DHAVE_STRING_H=1 -DHAVE_MEMORY_H=1 -DHAVE_STRINGS_H=1 -DHAVE_INTTYPES_H=1 -DHAVE_STDINT_H=1 -DHAVE_UNISTD_H=1 -DHAVE_DLFCN_H=1 -DLT_OBJDIR=\".libs/\"'
DEPDIR='.deps'
DLLTOOL='false'
DSYMUTIL=''
DUMPBIN=''
ECHO_C=''
ECHO_N='-n'
ECHO_T=''
EGREP='/usr/bin/grep -E'
EXEEXT=''
FGREP='/usr/bin/grep -F'
GREP='/usr/bin/grep'
INSTALL_DATA='${INSTALL} -m 644'
INSTALL_PROGRAM='${INSTALL}'
INSTALL_SCRIPT='${INSTALL}'
INSTALL_STRIP_PROGRAM='$(install_sh) -c -s'
LD='/usr/bin/ld -m elf_x86_64'
LDFLAGS=''
LIBOBJS=''
LIBS=''
LIBTOOL='$(SHELL) $(top_builddir)/libtool'
LIPO=''
LN_S='ln -s'
LTLIBOBJS=''
LT_SYS_LIBRARY_PATH=''
MAKEINFO='${SHELL} /home/afxdp/ovs-xdp/temp/build-aux/missing makeinfo'
MANIFEST_TOOL=':'
MKDIR_P='/usr/bin/mkdir -p'
NM='/usr/bin/nm -B'
NMEDIT=''
OBJDUMP='objdump'
OBJEXT='o'
OTOOL64=''
OTOOL=''
PACKAGE='hello'
PACKAGE_BUGREPORT=''
PACKAGE_NAME='hello'
PACKAGE_STRING='hello 1.0'
PACKAGE_TARNAME='hello'
PACKAGE_URL=''
PACKAGE_VERSION='1.0'
PATH_SEPARATOR=':'
RANLIB='ranlib'
SED='/usr/bin/sed'
SET_MAKE=''
SHELL='/bin/bash'
STRIP='strip'
VERSION='1.0'
ac_ct_AR='ar'
ac_ct_CC='gcc'
ac_ct_DUMPBIN=''
am__EXEEXT_FALSE=''
am__EXEEXT_TRUE='#'
am__fastdepCC_FALSE='#'
am__fastdepCC_TRUE=''
am__include='include'
am__isrc=''
am__leading_dot='.'
am__nodep='_no'
am__quote=''
am__tar='$${TAR-tar} chof - "$$tardir"'
am__untar='$${TAR-tar} xf -'
bindir='${exec_prefix}/bin'
build='x86_64-pc-linux-gnu'
build_alias=''
build_cpu='x86_64'
build_os='linux-gnu'
build_vendor='pc'
datadir='${datarootdir}'
datarootdir='${prefix}/share'
docdir='${datarootdir}/doc/${PACKAGE_TARNAME}'
dvidir='${docdir}'
exec_prefix='${prefix}'
host='x86_64-pc-linux-gnu'
host_alias=''
host_cpu='x86_64'
host_os='linux-gnu'
host_vendor='pc'
htmldir='${docdir}'
includedir='${prefix}/include'
infodir='${datarootdir}/info'
install_sh='${SHELL} /home/afxdp/ovs-xdp/temp/build-aux/install-sh'
libdir='${exec_prefix}/lib'
libexecdir='${exec_prefix}/libexec'
localedir='${datarootdir}/locale'
localstatedir='${prefix}/var'
mandir='${datarootdir}/man'
mkdir_p='$(MKDIR_P)'
oldincludedir='/usr/include'
pdfdir='${docdir}'
prefix='/usr/local'
program_transform_name='s,x,x,'
psdir='${docdir}'
runstatedir='${localstatedir}/run'
sbindir='${exec_prefix}/sbin'
sharedstatedir='${prefix}/com'
sysconfdir='${prefix}/etc'
target_alias=''

## ----------- ##
## confdefs.h. ##
## ----------- ##

/* confdefs.h */
#define PACKAGE_NAME "hello"
#define PACKAGE_TARNAME "hello"
#define PACKAGE_VERSION "1.0"
#define PACKAGE_STRING "hello 1.0"
#define PACKAGE_BUGREPORT ""
#define PACKAGE_URL ""
#define PACKAGE "hello"
#define VERSION "1.0"
#define STDC_HEADERS 1
#define HAVE_SYS_TYPES_H 1
#define HAVE_SYS_STAT_H 1
#define HAVE_STDLIB_H 1
#define HAVE_STRING_H 1
#define HAVE_MEMORY_H 1
#define HAVE_STRINGS_H 1
#define HAVE_INTTYPES_H 1
#define HAVE_STDINT_H 1
#define HAVE_UNISTD_H 1
#define HAVE_DLFCN_H 1
#define LT_OBJDIR ".libs/"

configure: exit 0
